Jun 11, 2023 11:03:24 PM de.haw.hamburg.stisys.core.LoggingSingleton logInfo
INFO: Enrolling student: Alice Johnson in course: Software Engineering
Jun 11, 2023 11:03:24 PM de.haw.hamburg.stisys.core.LoggingSingleton logInfo
INFO: Enrolling student: Alice Johnson in lab: Software Engineering Lab
Jun 11, 2023 11:03:24 PM de.haw.hamburg.stisys.core.LoggingSingleton logInfo
INFO: Setting PVL: true for student: Alice Johnson in course: Software Engineering Lab
Jun 11, 2023 11:03:24 PM de.haw.hamburg.stisys.core.LoggingSingleton logInfo
INFO: Setting grade: 15 for student: Alice Johnson in course: Software Engineering
Jun 11, 2023 11:18:56 PM de.haw.hamburg.stisys.core.LoggingSingleton logInfo
INFO: Enrolling student: Alice Johnson in course: Software Engineering
Jun 11, 2023 11:18:56 PM de.haw.hamburg.stisys.core.LoggingSingleton logInfo
INFO: Enrolling student: Alice Johnson in lab: Software Engineering Lab
Jun 11, 2023 11:18:57 PM de.haw.hamburg.stisys.core.LoggingSingleton logInfo
INFO: Setting PVL: true for student: Alice Johnson in course: Software Engineering Lab
Jun 11, 2023 11:18:57 PM de.haw.hamburg.stisys.core.LoggingSingleton logInfo
INFO: Setting grade: 15 for student: Alice Johnson in course: Software Engineering
Jun 12, 2023 4:38:52 PM de.haw.hamburg.stisys.core.LoggingSingleton logInfo
INFO: Enrolling student: Alice Johnson in course: Software Engineering
Jun 12, 2023 4:38:52 PM de.haw.hamburg.stisys.core.LoggingSingleton logInfo
INFO: Enrolling student: Alice Johnson in lab: Software Engineering Lab
Jun 12, 2023 4:38:52 PM de.haw.hamburg.stisys.core.LoggingSingleton logInfo
INFO: Setting PVL: true for student: Alice Johnson in course: Software Engineering Lab
Jun 12, 2023 4:38:52 PM de.haw.hamburg.stisys.core.LoggingSingleton logInfo
INFO: Setting grade: 15 for student: Alice Johnson in course: Software Engineering
Jun 12, 2023 4:43:47 PM de.haw.hamburg.stisys.core.LoggingSingleton logInfo
INFO: Enrolling student: Alice Johnson in course: Software Engineering
Jun 12, 2023 4:43:47 PM de.haw.hamburg.stisys.core.LoggingSingleton logInfo
INFO: Enrolling student: Alice Johnson in lab: Software Engineering Lab
Jun 12, 2023 4:43:47 PM de.haw.hamburg.stisys.core.LoggingSingleton logInfo
INFO: Setting PVL: true for student: Alice Johnson in course: Software Engineering Lab
Jun 12, 2023 4:43:47 PM de.haw.hamburg.stisys.core.LoggingSingleton logInfo
INFO: Setting grade: 15 for student: Alice Johnson in course: Software Engineering
Jun 12, 2023 4:43:56 PM de.haw.hamburg.stisys.core.LoggingSingleton logInfo
INFO: Enrolling student: Alice Johnson in course: Software Engineering
Jun 12, 2023 4:43:56 PM de.haw.hamburg.stisys.core.LoggingSingleton logInfo
INFO: Enrolling student: Alice Johnson in lab: Software Engineering Lab
Jun 12, 2023 4:43:56 PM de.haw.hamburg.stisys.core.LoggingSingleton logInfo
INFO: Setting PVL: true for student: Alice Johnson in course: Software Engineering Lab
Jun 12, 2023 4:43:56 PM de.haw.hamburg.stisys.core.LoggingSingleton logInfo
INFO: Setting grade: 15 for student: Alice Johnson in course: Software Engineering
Jun 12, 2023 4:45:45 PM de.haw.hamburg.stisys.core.LoggingSingleton logInfo
INFO: Enrolling student: Alice Johnson in course: Software Engineering
Jun 12, 2023 4:45:45 PM de.haw.hamburg.stisys.core.LoggingSingleton logInfo
INFO: Enrolling student: Alice Johnson in lab: Software Engineering Lab
Jun 12, 2023 4:45:45 PM de.haw.hamburg.stisys.core.LoggingSingleton logInfo
INFO: Setting PVL: true for student: Alice Johnson in course: Software Engineering Lab
Jun 12, 2023 4:45:45 PM de.haw.hamburg.stisys.core.LoggingSingleton logInfo
INFO: Setting grade: 15 for student: Alice Johnson in course: Software Engineering
